<?xml version="1.0" encoding="UTF-8"?>
<!-- Generated by org.testng.reporters.JUnitReportReporter -->
<testsuite skipped="0" hostname="IBM-Testing01" name="com.training.sanity.tests.TestLoan" tests="1" failures="0" timestamp="15 Feb 2020 10:14:11 GMT" time="22.624" errors="0">
  <testcase name="validLoginTest" time="22.624" classname="com.training.sanity.tests.TestLoan"/>
</testsuite> <!-- com.training.sanity.tests.TestLoan -->
