<?xml version="1.0" encoding="UTF-8"?>
<!-- Generated by org.testng.reporters.JUnitReportReporter -->
<testsuite skipped="0" hostname="IBM-Testing01" name="com.training.sanity.tests.SimpleTest" tests="1" failures="0" timestamp="16 Feb 2020 14:49:12 GMT" time="19.551" errors="0">
  <testcase name="validSimpleTest" time="19.551" classname="com.training.sanity.tests.SimpleTest"/>
</testsuite> <!-- com.training.sanity.tests.SimpleTest -->
