<?xml version="1.0" encoding="UTF-8"?>
<!-- Generated by org.testng.reporters.JUnitReportReporter -->
<testsuite skipped="0" hostname="IBM-Testing01" name="com.training.sanity.tests.Complextest" tests="3" failures="0" timestamp="16 Feb 2020 15:14:23 GMT" time="75.942" errors="0">
  <testcase name="validLoginTest" time="25.564" classname="com.training.sanity.tests.Complextest"/>
  <testcase name="validLoginTest" time="23.689" classname="com.training.sanity.tests.Complextest"/>
  <testcase name="validLoginTest" time="26.689" classname="com.training.sanity.tests.Complextest"/>
</testsuite> <!-- com.training.sanity.tests.Complextest -->
