<?xml version="1.0" encoding="UTF-8"?>
<!-- Generated by org.testng.reporters.JUnitReportReporter -->
<testsuite skipped="0" hostname="IBM-Testing01" name="com.training.sanity.tests.MediumTest" tests="1" failures="0" timestamp="16 Feb 2020 14:50:09 GMT" time="25.280" errors="0">
  <testcase name="validMediumTest" time="25.280" classname="com.training.sanity.tests.MediumTest"/>
</testsuite> <!-- com.training.sanity.tests.MediumTest -->
