<?xml version="1.0" encoding="UTF-8"?>
<!-- Generated by org.testng.reporters.JUnitReportReporter -->
<testsuite skipped="0" hostname="IBM-Testing01" name="com.training.sanity.tests.LoginTests2" tests="3" failures="0" timestamp="16 Feb 2020 12:25:43 GMT" time="16.639" errors="0">
  <testcase name="validLoginTest" time="5.721" classname="com.training.sanity.tests.LoginTests2"/>
  <testcase name="validLoginTest" time="5.844" classname="com.training.sanity.tests.LoginTests2"/>
  <testcase name="validLoginTest" time="5.074" classname="com.training.sanity.tests.LoginTests2"/>
</testsuite> <!-- com.training.sanity.tests.LoginTests2 -->
