<?xml version="1.0" encoding="UTF-8"?>
<!-- Generated by org.testng.reporters.JUnitReportReporter -->
<testsuite skipped="0" hostname="IBM-Testing01" name="com.training.sanity.tests.LoginTests" tests="1" failures="0" timestamp="12 Feb 2020 15:11:51 GMT" time="20.114" errors="0">
  <testcase name="validLoginTest" time="20.114" classname="com.training.sanity.tests.LoginTests"/>
</testsuite> <!-- com.training.sanity.tests.LoginTests -->
