<?xml version="1.0" encoding="UTF-8"?>
<!-- Generated by org.testng.reporters.JUnitReportReporter -->
<testsuite skipped="0" hostname="IBM-Testing01" name="com.training.sanity.tests.NewTest_12" tests="1" failures="0" timestamp="13 Feb 2020 06:44:14 GMT" time="18.838" errors="0">
  <testcase name="validLoginTest" time="18.838" classname="com.training.sanity.tests.NewTest_12"/>
</testsuite> <!-- com.training.sanity.tests.NewTest_12 -->
