<?xml version="1.0" encoding="UTF-8"?>
<!-- Generated by org.testng.reporters.JUnitReportReporter -->
<testsuite skipped="0" hostname="IBM-Testing01" name="com.training.sanity.tests.MediumTests" tests="4" failures="0" timestamp="16 Feb 2020 08:47:59 GMT" time="15.494" errors="0">
  <testcase name="validLoginTest" time="2.227" classname="com.training.sanity.tests.MediumTests"/>
  <testcase name="transaction" time="7.117" classname="com.training.sanity.tests.MediumTests"/>
  <testcase name="validLoginTest1" time="2.176" classname="com.training.sanity.tests.MediumTests"/>
  <testcase name="accinfo" time="3.974" classname="com.training.sanity.tests.MediumTests"/>
</testsuite> <!-- com.training.sanity.tests.MediumTests -->
