<?xml version="1.0" encoding="UTF-8"?>
<!-- Generated by org.testng.reporters.JUnitReportReporter -->
<testsuite skipped="0" hostname="IBM-Testing01" name="com.training.sanity.tests.SimpleTests" tests="1" failures="0" timestamp="16 Feb 2020 08:47:05 GMT" time="20.464" errors="0">
  <testcase name="validLoginTest" time="20.464" classname="com.training.sanity.tests.SimpleTests"/>
</testsuite> <!-- com.training.sanity.tests.SimpleTests -->
