<?xml version="1.0" encoding="UTF-8"?>
<!-- Generated by org.testng.reporters.JUnitReportReporter -->
<testsuite skipped="0" hostname="IBM-Testing01" name="com.training.sanity.tests.ComplexTests" tests="1" failures="0" timestamp="16 Feb 2020 11:35:13 GMT" time="10.638" errors="0">
  <testcase name="validLoginTest" time="10.638" classname="com.training.sanity.tests.ComplexTests"/>
</testsuite> <!-- com.training.sanity.tests.ComplexTests -->
