<?xml version="1.0" encoding="UTF-8"?>
<!-- Generated by org.testng.reporters.JUnitReportReporter -->
<testsuite skipped="0" hostname="IBM-Testing01" name="com.training.sanity.tests.AccountTests" tests="1" failures="0" timestamp="12 Feb 2020 15:18:45 GMT" time="17.327" errors="0">
  <testcase name="validLoginTest" time="17.327" classname="com.training.sanity.tests.AccountTests"/>
</testsuite> <!-- com.training.sanity.tests.AccountTests -->
