<?xml version="1.0" encoding="UTF-8"?>
<!-- Generated by org.testng.reporters.JUnitReportReporter -->
<testsuite skipped="0" hostname="IBM-Testing01" name="com.training.sanity.tests.LoginTests" tests="1" failures="0" timestamp="13 Feb 2020 06:40:41 GMT" time="19.798" errors="0">
  <testcase name="validLoginTest" time="19.798" classname="com.training.sanity.tests.LoginTests"/>
</testsuite> <!-- com.training.sanity.tests.LoginTests -->
